2016/11/13 04:29:45 Starting cygwin install, version 2.876
2016/11/13 04:29:45 User has backup/restore rights
2016/11/13 04:29:45 io_stream_cygfile: fopen(/etc/setup/setup.rc) failed 2 No such file or directory
2016/11/13 04:29:45 Current Directory: E:\CybeSystems.com\PortableApps\CygwinPortable\App\Runtime\Cygwin\packages
2016/11/13 04:29:45 Could not open service McShield for query, start and stop. McAfee may not be installed, or we don't have access.
2016/11/13 04:29:45 root: E:\CybeSystems.com\PortableApps\CygwinPortable\App\Runtime\Cygwin\ system
2016/11/13 04:29:45 Selected local directory: E:\CybeSystems.com\PortableApps\CygwinPortable\App\Runtime\Cygwin\packages
2016/11/13 04:29:45 net: Direct
2016/11/13 04:29:46 site: http://mirrors.kernel.org/sourceware/cygwin/
2016/11/13 04:29:52 io_stream_cygfile: fopen(/etc/setup/installed.db) failed 2 No such file or directory
2016/11/13 04:29:52 io_stream_cygfile: fopen(/etc/setup/timestamp) failed 2 No such file or directory
2016/11/13 04:29:53 Adding required dependency ca-certificates: Selecting version 2.10-1 for installation.
2016/11/13 04:29:53 Adding required dependency groff: Selecting version 1.22.3-1 for installation.
2016/11/13 04:29:53 Adding required dependency less: Selecting version 481-1 for installation.
2016/11/13 04:29:53 Adding required dependency libargp: Selecting version 20110921-3 for installation.
2016/11/13 04:29:53 Adding required dependency libattr1: Selecting version 2.4.46-1 for installation.
2016/11/13 04:29:53 Adding required dependency libblkid1: Selecting version 2.25.2-2 for installation.
2016/11/13 04:29:53 Adding required dependency libbz2_1: Selecting version 1.0.6-2 for installation.
2016/11/13 04:29:53 Adding required dependency libffi6: Selecting version 3.2.1-1 for installation.
2016/11/13 04:29:53 Adding required dependency libgcc1: Selecting version 5.4.0-1 for installation.
2016/11/13 04:29:53 Adding required dependency libgdbm4: Selecting version 1.12-1 for installation.
2016/11/13 04:29:53 Adding required dependency libgmp10: Selecting version 6.1.1-1 for installation.
2016/11/13 04:29:53 Adding required dependency libgnutls28: Selecting version 3.3.17-1 for installation.
2016/11/13 04:29:53 Adding required dependency libhogweed2: Selecting version 2.7.1-1 for installation.
2016/11/13 04:29:53 Adding required dependency libiconv: Selecting version 1.14-3 for installation.
2016/11/13 04:29:53 Adding required dependency libiconv2: Selecting version 1.14-3 for installation.
2016/11/13 04:29:53 Adding required dependency libidn11: Selecting version 1.29-1 for installation.
2016/11/13 04:29:53 Adding required dependency libidn2_0: Selecting version 0.11-1 for installation.
2016/11/13 04:29:53 Adding required dependency libintl8: Selecting version 0.19.8.1-2 for installation.
2016/11/13 04:29:53 Adding required dependency liblzma5: Selecting version 5.2.2-1 for installation.
2016/11/13 04:29:53 Adding required dependency libmpfr4: Selecting version 3.1.5-1 for installation.
2016/11/13 04:29:53 Adding required dependency libncursesw10: Selecting version 6.0-8.20160917 for installation.
2016/11/13 04:29:53 Adding required dependency libnettle4: Selecting version 2.7.1-1 for installation.
2016/11/13 04:29:53 Adding required dependency libp11-kit0: Selecting version 0.22.1-1 for installation.
2016/11/13 04:29:53 Adding required dependency libpcre1: Selecting version 8.39-1 for installation.
2016/11/13 04:29:53 Adding required dependency libpipeline1: Selecting version 1.4.0-1 for installation.
2016/11/13 04:29:53 Adding required dependency libpopt-common: Selecting version 1.16-2 for installation.
2016/11/13 04:29:53 Adding required dependency libpopt0: Selecting version 1.16-2 for installation.
2016/11/13 04:29:53 Adding required dependency libpsl5: Selecting version 0.14.0-2 for installation.
2016/11/13 04:29:53 Adding required dependency libsmartcols1: Selecting version 2.25.2-2 for installation.
2016/11/13 04:29:53 Adding required dependency libssp0: Selecting version 5.4.0-1 for installation.
2016/11/13 04:29:53 Adding required dependency libstdc++6: Selecting version 5.4.0-1 for installation.
2016/11/13 04:29:53 Adding required dependency libtasn1_6: Selecting version 4.9-1 for installation.
2016/11/13 04:29:53 Adding required dependency libunistring2: Selecting version 0.9.6-1 for installation.
2016/11/13 04:29:53 Adding required dependency libuuid1: Selecting version 2.25.2-2 for installation.
2016/11/13 04:29:53 Adding required dependency p11-kit: Selecting version 0.22.1-1 for installation.
2016/11/13 04:29:53 Adding required dependency p11-kit-trust: Selecting version 0.22.1-1 for installation.
2016/11/13 04:29:53 Adding required dependency vim-common: Selecting version 7.4.2367-1 for installation.
2016/11/13 04:29:53 Adding required dependency xxd: Selecting version 7.4.2367-1 for installation.
2016/11/13 04:29:53 Adding required dependency xz: Selecting version 5.2.2-1 for installation.
2016/11/13 04:29:53 Adding required dependency zlib0: Selecting version 1.2.8-3 for installation.
2016/11/13 04:29:54 Downloaded E:\CybeSystems.com\PortableApps\CygwinPortable\App\Runtime\Cygwin\packages/http%3a%2f%2fmirrors.kernel.org%2fsourceware%2fcygwin%2f/noarch/release/_autorebase/_autorebase-001004-1.tar.xz
2016/11/13 04:29:55 Downloaded E:\CybeSystems.com\PortableApps\CygwinPortable\App\Runtime\Cygwin\packages/http%3a%2f%2fmirrors.kernel.org%2fsourceware%2fcygwin%2f/x86/release/alternatives/alternatives-1.3.30c-10.tar.bz2
2016/11/13 04:29:55 Downloaded E:\CybeSystems.com\PortableApps\CygwinPortable\App\Runtime\Cygwin\packages/http%3a%2f%2fmirrors.kernel.org%2fsourceware%2fcygwin%2f/noarch/release/base-cygwin/base-cygwin-3.8-1.tar.xz
2016/11/13 04:29:57 Downloaded E:\CybeSystems.com\PortableApps\CygwinPortable\App\Runtime\Cygwin\packages/http%3a%2f%2fmirrors.kernel.org%2fsourceware%2fcygwin%2f/noarch/release/base-files/base-files-4.2-4.tar.xz
2016/11/13 04:30:01 Downloaded E:\CybeSystems.com\PortableApps\CygwinPortable\App\Runtime\Cygwin\packages/http%3a%2f%2fmirrors.kernel.org%2fsourceware%2fcygwin%2f/x86/release/bash/bash-4.3.46-7.tar.xz
2016/11/13 04:30:03 Downloaded E:\CybeSystems.com\PortableApps\CygwinPortable\App\Runtime\Cygwin\packages/http%3a%2f%2fmirrors.kernel.org%2fsourceware%2fcygwin%2f/x86/release/bzip2/bzip2-1.0.6-2.tar.bz2
2016/11/13 04:30:05 Downloaded E:\CybeSystems.com\PortableApps\CygwinPortable\App\Runtime\Cygwin\packages/http%3a%2f%2fmirrors.kernel.org%2fsourceware%2fcygwin%2f/noarch/release/ca-certificates/ca-certificates-2.10-1.tar.xz
2016/11/13 04:30:11 Downloaded E:\CybeSystems.com\PortableApps\CygwinPortable\App\Runtime\Cygwin\packages/http%3a%2f%2fmirrors.kernel.org%2fsourceware%2fcygwin%2f/x86/release/coreutils/coreutils-8.25-3.tar.xz
2016/11/13 04:30:12 Downloaded E:\CybeSystems.com\PortableApps\CygwinPortable\App\Runtime\Cygwin\packages/http%3a%2f%2fmirrors.kernel.org%2fsourceware%2fcygwin%2f/x86/release/cygutils/cygutils-1.4.15-2.tar.xz
2016/11/13 04:30:16 Downloaded E:\CybeSystems.com\PortableApps\CygwinPortable\App\Runtime\Cygwin\packages/http%3a%2f%2fmirrors.kernel.org%2fsourceware%2fcygwin%2f/x86/release/cygwin/cygwin-2.6.0-1.tar.xz
2016/11/13 04:30:17 Downloaded E:\CybeSystems.com\PortableApps\CygwinPortable\App\Runtime\Cygwin\packages/http%3a%2f%2fmirrors.kernel.org%2fsourceware%2fcygwin%2f/x86/release/dash/dash-0.5.8-3.tar.xz
2016/11/13 04:30:18 Downloaded E:\CybeSystems.com\PortableApps\CygwinPortable\App\Runtime\Cygwin\packages/http%3a%2f%2fmirrors.kernel.org%2fsourceware%2fcygwin%2f/x86/release/editrights/editrights-1.03-1.tar.xz
2016/11/13 04:30:20 Downloaded E:\CybeSystems.com\PortableApps\CygwinPortable\App\Runtime\Cygwin\packages/http%3a%2f%2fmirrors.kernel.org%2fsourceware%2fcygwin%2f/x86/release/file/file-5.25-1.tar.xz
2016/11/13 04:30:22 Downloaded E:\CybeSystems.com\PortableApps\CygwinPortable\App\Runtime\Cygwin\packages/http%3a%2f%2fmirrors.kernel.org%2fsourceware%2fcygwin%2f/x86/release/findutils/findutils-4.6.0-1.tar.xz
2016/11/13 04:30:25 Downloaded E:\CybeSystems.com\PortableApps\CygwinPortable\App\Runtime\Cygwin\packages/http%3a%2f%2fmirrors.kernel.org%2fsourceware%2fcygwin%2f/x86/release/gawk/gawk-4.1.4-1.tar.xz
2016/11/13 04:30:26 Downloaded E:\CybeSystems.com\PortableApps\CygwinPortable\App\Runtime\Cygwin\packages/http%3a%2f%2fmirrors.kernel.org%2fsourceware%2fcygwin%2f/x86/release/getent/getent-2.18.90-4.tar.xz
2016/11/13 04:30:28 Downloaded E:\CybeSystems.com\PortableApps\CygwinPortable\App\Runtime\Cygwin\packages/http%3a%2f%2fmirrors.kernel.org%2fsourceware%2fcygwin%2f/x86/release/grep/grep-2.25-1.tar.xz
2016/11/13 04:30:33 Downloaded E:\CybeSystems.com\PortableApps\CygwinPortable\App\Runtime\Cygwin\packages/http%3a%2f%2fmirrors.kernel.org%2fsourceware%2fcygwin%2f/x86/release/groff/groff-1.22.3-1.tar.xz
2016/11/13 04:30:35 Downloaded E:\CybeSystems.com\PortableApps\CygwinPortable\App\Runtime\Cygwin\packages/http%3a%2f%2fmirrors.kernel.org%2fsourceware%2fcygwin%2f/x86/release/gzip/gzip-1.8-1.tar.xz
2016/11/13 04:30:35 Downloaded E:\CybeSystems.com\PortableApps\CygwinPortable\App\Runtime\Cygwin\packages/http%3a%2f%2fmirrors.kernel.org%2fsourceware%2fcygwin%2f/x86/release/hostname/hostname-3.13-1.tar.bz2
2016/11/13 04:30:37 Downloaded E:\CybeSystems.com\PortableApps\CygwinPortable\App\Runtime\Cygwin\packages/http%3a%2f%2fmirrors.kernel.org%2fsourceware%2fcygwin%2f/x86/release/texinfo/info/info-6.1-2.tar.xz
2016/11/13 04:30:38 Downloaded E:\CybeSystems.com\PortableApps\CygwinPortable\App\Runtime\Cygwin\packages/http%3a%2f%2fmirrors.kernel.org%2fsourceware%2fcygwin%2f/x86/release/ipc-utils/ipc-utils-1.0-1.tar.bz2
2016/11/13 04:30:39 Downloaded E:\CybeSystems.com\PortableApps\CygwinPortable\App\Runtime\Cygwin\packages/http%3a%2f%2fmirrors.kernel.org%2fsourceware%2fcygwin%2f/x86/release/less/less-481-1.tar.xz
2016/11/13 04:30:40 Downloaded E:\CybeSystems.com\PortableApps\CygwinPortable\App\Runtime\Cygwin\packages/http%3a%2f%2fmirrors.kernel.org%2fsourceware%2fcygwin%2f/x86/release/libargp/libargp-20110921-3.tar.xz
2016/11/13 04:30:41 Downloaded E:\CybeSystems.com\PortableApps\CygwinPortable\App\Runtime\Cygwin\packages/http%3a%2f%2fmirrors.kernel.org%2fsourceware%2fcygwin%2f/x86/release/attr/libattr1/libattr1-2.4.46-1.tar.bz2
2016/11/13 04:30:42 Downloaded E:\CybeSystems.com\PortableApps\CygwinPortable\App\Runtime\Cygwin\packages/http%3a%2f%2fmirrors.kernel.org%2fsourceware%2fcygwin%2f/x86/release/util-linux/libblkid1/libblkid1-2.25.2-2.tar.xz
2016/11/13 04:30:43 Downloaded E:\CybeSystems.com\PortableApps\CygwinPortable\App\Runtime\Cygwin\packages/http%3a%2f%2fmirrors.kernel.org%2fsourceware%2fcygwin%2f/x86/release/bzip2/libbz2_1/libbz2_1-1.0.6-2.tar.bz2
2016/11/13 04:30:44 Downloaded E:\CybeSystems.com\PortableApps\CygwinPortable\App\Runtime\Cygwin\packages/http%3a%2f%2fmirrors.kernel.org%2fsourceware%2fcygwin%2f/x86/release/libffi/libffi6/libffi6-3.2.1-1.tar.xz
2016/11/13 04:30:45 Downloaded E:\CybeSystems.com\PortableApps\CygwinPortable\App\Runtime\Cygwin\packages/http%3a%2f%2fmirrors.kernel.org%2fsourceware%2fcygwin%2f/x86/release/gcc/libgcc1/libgcc1-5.4.0-1.tar.xz
2016/11/13 04:30:46 Downloaded E:\CybeSystems.com\PortableApps\CygwinPortable\App\Runtime\Cygwin\packages/http%3a%2f%2fmirrors.kernel.org%2fsourceware%2fcygwin%2f/x86/release/gdbm/libgdbm4/libgdbm4-1.12-1.tar.xz
2016/11/13 04:30:47 Downloaded E:\CybeSystems.com\PortableApps\CygwinPortable\App\Runtime\Cygwin\packages/http%3a%2f%2fmirrors.kernel.org%2fsourceware%2fcygwin%2f/x86/release/gmp/libgmp10/libgmp10-6.1.1-1.tar.xz
2016/11/13 04:30:49 Downloaded E:\CybeSystems.com\PortableApps\CygwinPortable\App\Runtime\Cygwin\packages/http%3a%2f%2fmirrors.kernel.org%2fsourceware%2fcygwin%2f/x86/release/gnutls/libgnutls28/libgnutls28-3.3.17-1.tar.xz
2016/11/13 04:30:50 Downloaded E:\CybeSystems.com\PortableApps\CygwinPortable\App\Runtime\Cygwin\packages/http%3a%2f%2fmirrors.kernel.org%2fsourceware%2fcygwin%2f/x86/release/nettle/libhogweed2/libhogweed2-2.7.1-1.tar.xz
2016/11/13 04:30:52 Downloaded E:\CybeSystems.com\PortableApps\CygwinPortable\App\Runtime\Cygwin\packages/http%3a%2f%2fmirrors.kernel.org%2fsourceware%2fcygwin%2f/x86/release/libiconv/libiconv-1.14-3.tar.xz
2016/11/13 04:30:54 Downloaded E:\CybeSystems.com\PortableApps\CygwinPortable\App\Runtime\Cygwin\packages/http%3a%2f%2fmirrors.kernel.org%2fsourceware%2fcygwin%2f/x86/release/libiconv/libiconv2/libiconv2-1.14-3.tar.xz
2016/11/13 04:30:55 Downloaded E:\CybeSystems.com\PortableApps\CygwinPortable\App\Runtime\Cygwin\packages/http%3a%2f%2fmirrors.kernel.org%2fsourceware%2fcygwin%2f/x86/release/libidn/libidn11/libidn11-1.29-1.tar.xz
2016/11/13 04:30:56 Downloaded E:\CybeSystems.com\PortableApps\CygwinPortable\App\Runtime\Cygwin\packages/http%3a%2f%2fmirrors.kernel.org%2fsourceware%2fcygwin%2f/x86/release/libidn2/libidn2_0/libidn2_0-0.11-1.tar.xz
2016/11/13 04:30:57 Downloaded E:\CybeSystems.com\PortableApps\CygwinPortable\App\Runtime\Cygwin\packages/http%3a%2f%2fmirrors.kernel.org%2fsourceware%2fcygwin%2f/x86/release/gettext/libintl8/libintl8-0.19.8.1-2.tar.xz
2016/11/13 04:30:58 Downloaded E:\CybeSystems.com\PortableApps\CygwinPortable\App\Runtime\Cygwin\packages/http%3a%2f%2fmirrors.kernel.org%2fsourceware%2fcygwin%2f/x86/release/xz/liblzma5/liblzma5-5.2.2-1.tar.xz
2016/11/13 04:30:59 Downloaded E:\CybeSystems.com\PortableApps\CygwinPortable\App\Runtime\Cygwin\packages/http%3a%2f%2fmirrors.kernel.org%2fsourceware%2fcygwin%2f/x86/release/mpfr/libmpfr4/libmpfr4-3.1.5-1.tar.xz
2016/11/13 04:31:01 Downloaded E:\CybeSystems.com\PortableApps\CygwinPortable\App\Runtime\Cygwin\packages/http%3a%2f%2fmirrors.kernel.org%2fsourceware%2fcygwin%2f/x86/release/ncurses/libncursesw10/libncursesw10-6.0-8.20160917.tar.xz
2016/11/13 04:31:02 Downloaded E:\CybeSystems.com\PortableApps\CygwinPortable\App\Runtime\Cygwin\packages/http%3a%2f%2fmirrors.kernel.org%2fsourceware%2fcygwin%2f/x86/release/nettle/libnettle4/libnettle4-2.7.1-1.tar.xz
2016/11/13 04:31:05 Downloaded E:\CybeSystems.com\PortableApps\CygwinPortable\App\Runtime\Cygwin\packages/http%3a%2f%2fmirrors.kernel.org%2fsourceware%2fcygwin%2f/x86/release/openssl/libopenssl100/libopenssl100-1.0.2j-1.tar.xz
2016/11/13 04:31:06 Downloaded E:\CybeSystems.com\PortableApps\CygwinPortable\App\Runtime\Cygwin\packages/http%3a%2f%2fmirrors.kernel.org%2fsourceware%2fcygwin%2f/x86/release/p11-kit/libp11-kit0/libp11-kit0-0.22.1-1.tar.xz
2016/11/13 04:31:07 Downloaded E:\CybeSystems.com\PortableApps\CygwinPortable\App\Runtime\Cygwin\packages/http%3a%2f%2fmirrors.kernel.org%2fsourceware%2fcygwin%2f/x86/release/pcre/libpcre1/libpcre1-8.39-1.tar.xz
2016/11/13 04:31:08 Downloaded E:\CybeSystems.com\PortableApps\CygwinPortable\App\Runtime\Cygwin\packages/http%3a%2f%2fmirrors.kernel.org%2fsourceware%2fcygwin%2f/x86/release/libpipeline/libpipeline1/libpipeline1-1.4.0-1.tar.xz
2016/11/13 04:31:09 Downloaded E:\CybeSystems.com\PortableApps\CygwinPortable\App\Runtime\Cygwin\packages/http%3a%2f%2fmirrors.kernel.org%2fsourceware%2fcygwin%2f/x86/release/popt/libpopt-common/libpopt-common-1.16-2.tar.xz
2016/11/13 04:31:10 Downloaded E:\CybeSystems.com\PortableApps\CygwinPortable\App\Runtime\Cygwin\packages/http%3a%2f%2fmirrors.kernel.org%2fsourceware%2fcygwin%2f/x86/release/popt/libpopt0/libpopt0-1.16-2.tar.xz
2016/11/13 04:31:10 Downloaded E:\CybeSystems.com\PortableApps\CygwinPortable\App\Runtime\Cygwin\packages/http%3a%2f%2fmirrors.kernel.org%2fsourceware%2fcygwin%2f/x86/release/libpsl/libpsl5/libpsl5-0.14.0-2.tar.xz
2016/11/13 04:31:12 Downloaded E:\CybeSystems.com\PortableApps\CygwinPortable\App\Runtime\Cygwin\packages/http%3a%2f%2fmirrors.kernel.org%2fsourceware%2fcygwin%2f/x86/release/readline/libreadline7/libreadline7-6.3.8-1.tar.xz
2016/11/13 04:31:12 Downloaded E:\CybeSystems.com\PortableApps\CygwinPortable\App\Runtime\Cygwin\packages/http%3a%2f%2fmirrors.kernel.org%2fsourceware%2fcygwin%2f/x86/release/util-linux/libsmartcols1/libsmartcols1-2.25.2-2.tar.xz
2016/11/13 04:31:13 Downloaded E:\CybeSystems.com\PortableApps\CygwinPortable\App\Runtime\Cygwin\packages/http%3a%2f%2fmirrors.kernel.org%2fsourceware%2fcygwin%2f/x86/release/gcc/libssp0/libssp0-5.4.0-1.tar.xz
2016/11/13 04:31:15 Downloaded E:\CybeSystems.com\PortableApps\CygwinPortable\App\Runtime\Cygwin\packages/http%3a%2f%2fmirrors.kernel.org%2fsourceware%2fcygwin%2f/x86/release/gcc/libstdc++6/libstdc++6-5.4.0-1.tar.xz
2016/11/13 04:31:16 Downloaded E:\CybeSystems.com\PortableApps\CygwinPortable\App\Runtime\Cygwin\packages/http%3a%2f%2fmirrors.kernel.org%2fsourceware%2fcygwin%2f/x86/release/libtasn1/libtasn1_6/libtasn1_6-4.9-1.tar.xz
2016/11/13 04:31:19 Downloaded E:\CybeSystems.com\PortableApps\CygwinPortable\App\Runtime\Cygwin\packages/http%3a%2f%2fmirrors.kernel.org%2fsourceware%2fcygwin%2f/x86/release/libunistring/libunistring2/libunistring2-0.9.6-1.tar.xz
2016/11/13 04:31:20 Downloaded E:\CybeSystems.com\PortableApps\CygwinPortable\App\Runtime\Cygwin\packages/http%3a%2f%2fmirrors.kernel.org%2fsourceware%2fcygwin%2f/x86/release/util-linux/libuuid1/libuuid1-2.25.2-2.tar.xz
2016/11/13 04:31:21 Downloaded E:\CybeSystems.com\PortableApps\CygwinPortable\App\Runtime\Cygwin\packages/http%3a%2f%2fmirrors.kernel.org%2fsourceware%2fcygwin%2f/x86/release/login/login-1.11-1.tar.xz
2016/11/13 04:31:24 Downloaded E:\CybeSystems.com\PortableApps\CygwinPortable\App\Runtime\Cygwin\packages/http%3a%2f%2fmirrors.kernel.org%2fsourceware%2fcygwin%2f/x86/release/man-db/man-db-2.7.5-2.tar.xz
2016/11/13 04:31:26 Downloaded E:\CybeSystems.com\PortableApps\CygwinPortable\App\Runtime\Cygwin\packages/http%3a%2f%2fmirrors.kernel.org%2fsourceware%2fcygwin%2f/x86/release/mintty/mintty-2.7.0-0.tar.xz
2016/11/13 04:31:28 Downloaded E:\CybeSystems.com\PortableApps\CygwinPortable\App\Runtime\Cygwin\packages/http%3a%2f%2fmirrors.kernel.org%2fsourceware%2fcygwin%2f/x86/release/ncurses/ncurses-6.0-8.20160917.tar.xz
2016/11/13 04:31:31 Downloaded E:\CybeSystems.com\PortableApps\CygwinPortable\App\Runtime\Cygwin\packages/http%3a%2f%2fmirrors.kernel.org%2fsourceware%2fcygwin%2f/x86/release/openssl/openssl-1.0.2j-1.tar.xz
2016/11/13 04:31:33 Downloaded E:\CybeSystems.com\PortableApps\CygwinPortable\App\Runtime\Cygwin\packages/http%3a%2f%2fmirrors.kernel.org%2fsourceware%2fcygwin%2f/x86/release/p11-kit/p11-kit-0.22.1-1.tar.xz
2016/11/13 04:31:34 Downloaded E:\CybeSystems.com\PortableApps\CygwinPortable\App\Runtime\Cygwin\packages/http%3a%2f%2fmirrors.kernel.org%2fsourceware%2fcygwin%2f/x86/release/p11-kit/p11-kit-trust/p11-kit-trust-0.22.1-1.tar.xz
2016/11/13 04:31:36 Downloaded E:\CybeSystems.com\PortableApps\CygwinPortable\App\Runtime\Cygwin\packages/http%3a%2f%2fmirrors.kernel.org%2fsourceware%2fcygwin%2f/x86/release/rebase/rebase-4.4.2-1.tar.xz
2016/11/13 04:31:37 Downloaded E:\CybeSystems.com\PortableApps\CygwinPortable\App\Runtime\Cygwin\packages/http%3a%2f%2fmirrors.kernel.org%2fsourceware%2fcygwin%2f/x86/release/run/run-1.3.4-2.tar.xz
2016/11/13 04:31:39 Downloaded E:\CybeSystems.com\PortableApps\CygwinPortable\App\Runtime\Cygwin\packages/http%3a%2f%2fmirrors.kernel.org%2fsourceware%2fcygwin%2f/x86/release/sed/sed-4.2.2-3.tar.bz2
2016/11/13 04:31:43 Downloaded E:\CybeSystems.com\PortableApps\CygwinPortable\App\Runtime\Cygwin\packages/http%3a%2f%2fmirrors.kernel.org%2fsourceware%2fcygwin%2f/x86/release/tar/tar-1.28-1.tar.xz
2016/11/13 04:31:44 Downloaded E:\CybeSystems.com\PortableApps\CygwinPortable\App\Runtime\Cygwin\packages/http%3a%2f%2fmirrors.kernel.org%2fsourceware%2fcygwin%2f/x86/release/ncurses/terminfo/terminfo-6.0-8.20160917.tar.xz
2016/11/13 04:31:46 Downloaded E:\CybeSystems.com\PortableApps\CygwinPortable\App\Runtime\Cygwin\packages/http%3a%2f%2fmirrors.kernel.org%2fsourceware%2fcygwin%2f/noarch/release/tzdata/tzdata-2016i-1.tar.xz
2016/11/13 04:31:51 Downloaded E:\CybeSystems.com\PortableApps\CygwinPortable\App\Runtime\Cygwin\packages/http%3a%2f%2fmirrors.kernel.org%2fsourceware%2fcygwin%2f/x86/release/util-linux/util-linux-2.25.2-2.tar.xz
2016/11/13 04:31:55 Downloaded E:\CybeSystems.com\PortableApps\CygwinPortable\App\Runtime\Cygwin\packages/http%3a%2f%2fmirrors.kernel.org%2fsourceware%2fcygwin%2f/x86/release/vim/vim-7.4.2367-1.tar.xz
2016/11/13 04:32:05 Downloaded E:\CybeSystems.com\PortableApps\CygwinPortable\App\Runtime\Cygwin\packages/http%3a%2f%2fmirrors.kernel.org%2fsourceware%2fcygwin%2f/x86/release/vim/vim-common/vim-common-7.4.2367-1.tar.xz
2016/11/13 04:32:08 Downloaded E:\CybeSystems.com\PortableApps\CygwinPortable\App\Runtime\Cygwin\packages/http%3a%2f%2fmirrors.kernel.org%2fsourceware%2fcygwin%2f/x86/release/vim/vim-minimal/vim-minimal-7.4.2367-1.tar.xz
2016/11/13 04:32:11 Downloaded E:\CybeSystems.com\PortableApps\CygwinPortable\App\Runtime\Cygwin\packages/http%3a%2f%2fmirrors.kernel.org%2fsourceware%2fcygwin%2f/x86/release/wget/wget-1.18-1.tar.xz
2016/11/13 04:32:12 Downloaded E:\CybeSystems.com\PortableApps\CygwinPortable\App\Runtime\Cygwin\packages/http%3a%2f%2fmirrors.kernel.org%2fsourceware%2fcygwin%2f/x86/release/which/which-2.20-2.tar.bz2
2016/11/13 04:32:13 Downloaded E:\CybeSystems.com\PortableApps\CygwinPortable\App\Runtime\Cygwin\packages/http%3a%2f%2fmirrors.kernel.org%2fsourceware%2fcygwin%2f/x86/release/vim/xxd/xxd-7.4.2367-1.tar.xz
2016/11/13 04:32:15 Downloaded E:\CybeSystems.com\PortableApps\CygwinPortable\App\Runtime\Cygwin\packages/http%3a%2f%2fmirrors.kernel.org%2fsourceware%2fcygwin%2f/x86/release/xz/xz-5.2.2-1.tar.xz
2016/11/13 04:32:16 Downloaded E:\CybeSystems.com\PortableApps\CygwinPortable\App\Runtime\Cygwin\packages/http%3a%2f%2fmirrors.kernel.org%2fsourceware%2fcygwin%2f/x86/release/zlib/zlib0/zlib0-1.2.8-3.tar.xz
2016/11/13 04:32:20 Extracting from file://E:\CybeSystems.com\PortableApps\CygwinPortable\App\Runtime\Cygwin\packages/http%3a%2f%2fmirrors.kernel.org%2fsourceware%2fcygwin%2f/noarch/release/_autorebase/_autorebase-001004-1.tar.xz
2016/11/13 04:32:20 Extracting from file://E:\CybeSystems.com\PortableApps\CygwinPortable\App\Runtime\Cygwin\packages/http%3a%2f%2fmirrors.kernel.org%2fsourceware%2fcygwin%2f/x86/release/alternatives/alternatives-1.3.30c-10.tar.bz2
2016/11/13 04:32:20 Extracting from file://E:\CybeSystems.com\PortableApps\CygwinPortable\App\Runtime\Cygwin\packages/http%3a%2f%2fmirrors.kernel.org%2fsourceware%2fcygwin%2f/noarch/release/base-cygwin/base-cygwin-3.8-1.tar.xz
2016/11/13 04:32:20 Extracting from file://E:\CybeSystems.com\PortableApps\CygwinPortable\App\Runtime\Cygwin\packages/http%3a%2f%2fmirrors.kernel.org%2fsourceware%2fcygwin%2f/noarch/release/base-files/base-files-4.2-4.tar.xz
2016/11/13 04:32:20 Extracting from file://E:\CybeSystems.com\PortableApps\CygwinPortable\App\Runtime\Cygwin\packages/http%3a%2f%2fmirrors.kernel.org%2fsourceware%2fcygwin%2f/x86/release/bash/bash-4.3.46-7.tar.xz
2016/11/13 04:32:22 Extracting from file://E:\CybeSystems.com\PortableApps\CygwinPortable\App\Runtime\Cygwin\packages/http%3a%2f%2fmirrors.kernel.org%2fsourceware%2fcygwin%2f/x86/release/bzip2/bzip2-1.0.6-2.tar.bz2
2016/11/13 04:32:22 Extracting from file://E:\CybeSystems.com\PortableApps\CygwinPortable\App\Runtime\Cygwin\packages/http%3a%2f%2fmirrors.kernel.org%2fsourceware%2fcygwin%2f/noarch/release/ca-certificates/ca-certificates-2.10-1.tar.xz
2016/11/13 04:32:22 Extracting from file://E:\CybeSystems.com\PortableApps\CygwinPortable\App\Runtime\Cygwin\packages/http%3a%2f%2fmirrors.kernel.org%2fsourceware%2fcygwin%2f/x86/release/coreutils/coreutils-8.25-3.tar.xz
2016/11/13 04:32:25 Extracting from file://E:\CybeSystems.com\PortableApps\CygwinPortable\App\Runtime\Cygwin\packages/http%3a%2f%2fmirrors.kernel.org%2fsourceware%2fcygwin%2f/x86/release/cygutils/cygutils-1.4.15-2.tar.xz
2016/11/13 04:32:25 Extracting from file://E:\CybeSystems.com\PortableApps\CygwinPortable\App\Runtime\Cygwin\packages/http%3a%2f%2fmirrors.kernel.org%2fsourceware%2fcygwin%2f/x86/release/cygwin/cygwin-2.6.0-1.tar.xz
2016/11/13 04:32:26 Extracting from file://E:\CybeSystems.com\PortableApps\CygwinPortable\App\Runtime\Cygwin\packages/http%3a%2f%2fmirrors.kernel.org%2fsourceware%2fcygwin%2f/x86/release/dash/dash-0.5.8-3.tar.xz
2016/11/13 04:32:26 Extracting from file://E:\CybeSystems.com\PortableApps\CygwinPortable\App\Runtime\Cygwin\packages/http%3a%2f%2fmirrors.kernel.org%2fsourceware%2fcygwin%2f/x86/release/editrights/editrights-1.03-1.tar.xz
2016/11/13 04:32:26 Extracting from file://E:\CybeSystems.com\PortableApps\CygwinPortable\App\Runtime\Cygwin\packages/http%3a%2f%2fmirrors.kernel.org%2fsourceware%2fcygwin%2f/x86/release/file/file-5.25-1.tar.xz
2016/11/13 04:32:26 Extracting from file://E:\CybeSystems.com\PortableApps\CygwinPortable\App\Runtime\Cygwin\packages/http%3a%2f%2fmirrors.kernel.org%2fsourceware%2fcygwin%2f/x86/release/findutils/findutils-4.6.0-1.tar.xz
2016/11/13 04:32:26 Extracting from file://E:\CybeSystems.com\PortableApps\CygwinPortable\App\Runtime\Cygwin\packages/http%3a%2f%2fmirrors.kernel.org%2fsourceware%2fcygwin%2f/x86/release/gawk/gawk-4.1.4-1.tar.xz
2016/11/13 04:32:27 Extracting from file://E:\CybeSystems.com\PortableApps\CygwinPortable\App\Runtime\Cygwin\packages/http%3a%2f%2fmirrors.kernel.org%2fsourceware%2fcygwin%2f/x86/release/getent/getent-2.18.90-4.tar.xz
2016/11/13 04:32:27 Extracting from file://E:\CybeSystems.com\PortableApps\CygwinPortable\App\Runtime\Cygwin\packages/http%3a%2f%2fmirrors.kernel.org%2fsourceware%2fcygwin%2f/x86/release/grep/grep-2.25-1.tar.xz
2016/11/13 04:32:28 Extracting from file://E:\CybeSystems.com\PortableApps\CygwinPortable\App\Runtime\Cygwin\packages/http%3a%2f%2fmirrors.kernel.org%2fsourceware%2fcygwin%2f/x86/release/groff/groff-1.22.3-1.tar.xz
2016/11/13 04:32:32 Extracting from file://E:\CybeSystems.com\PortableApps\CygwinPortable\App\Runtime\Cygwin\packages/http%3a%2f%2fmirrors.kernel.org%2fsourceware%2fcygwin%2f/x86/release/gzip/gzip-1.8-1.tar.xz
2016/11/13 04:32:32 Extracting from file://E:\CybeSystems.com\PortableApps\CygwinPortable\App\Runtime\Cygwin\packages/http%3a%2f%2fmirrors.kernel.org%2fsourceware%2fcygwin%2f/x86/release/hostname/hostname-3.13-1.tar.bz2
2016/11/13 04:32:32 Extracting from file://E:\CybeSystems.com\PortableApps\CygwinPortable\App\Runtime\Cygwin\packages/http%3a%2f%2fmirrors.kernel.org%2fsourceware%2fcygwin%2f/x86/release/texinfo/info/info-6.1-2.tar.xz
2016/11/13 04:32:33 Extracting from file://E:\CybeSystems.com\PortableApps\CygwinPortable\App\Runtime\Cygwin\packages/http%3a%2f%2fmirrors.kernel.org%2fsourceware%2fcygwin%2f/x86/release/ipc-utils/ipc-utils-1.0-1.tar.bz2
2016/11/13 04:32:33 Extracting from file://E:\CybeSystems.com\PortableApps\CygwinPortable\App\Runtime\Cygwin\packages/http%3a%2f%2fmirrors.kernel.org%2fsourceware%2fcygwin%2f/x86/release/less/less-481-1.tar.xz
2016/11/13 04:32:33 Extracting from file://E:\CybeSystems.com\PortableApps\CygwinPortable\App\Runtime\Cygwin\packages/http%3a%2f%2fmirrors.kernel.org%2fsourceware%2fcygwin%2f/x86/release/libargp/libargp-20110921-3.tar.xz
2016/11/13 04:32:33 Extracting from file://E:\CybeSystems.com\PortableApps\CygwinPortable\App\Runtime\Cygwin\packages/http%3a%2f%2fmirrors.kernel.org%2fsourceware%2fcygwin%2f/x86/release/attr/libattr1/libattr1-2.4.46-1.tar.bz2
2016/11/13 04:32:33 Extracting from file://E:\CybeSystems.com\PortableApps\CygwinPortable\App\Runtime\Cygwin\packages/http%3a%2f%2fmirrors.kernel.org%2fsourceware%2fcygwin%2f/x86/release/util-linux/libblkid1/libblkid1-2.25.2-2.tar.xz
2016/11/13 04:32:33 Extracting from file://E:\CybeSystems.com\PortableApps\CygwinPortable\App\Runtime\Cygwin\packages/http%3a%2f%2fmirrors.kernel.org%2fsourceware%2fcygwin%2f/x86/release/bzip2/libbz2_1/libbz2_1-1.0.6-2.tar.bz2
2016/11/13 04:32:33 Extracting from file://E:\CybeSystems.com\PortableApps\CygwinPortable\App\Runtime\Cygwin\packages/http%3a%2f%2fmirrors.kernel.org%2fsourceware%2fcygwin%2f/x86/release/libffi/libffi6/libffi6-3.2.1-1.tar.xz
2016/11/13 04:32:33 Extracting from file://E:\CybeSystems.com\PortableApps\CygwinPortable\App\Runtime\Cygwin\packages/http%3a%2f%2fmirrors.kernel.org%2fsourceware%2fcygwin%2f/x86/release/gcc/libgcc1/libgcc1-5.4.0-1.tar.xz
2016/11/13 04:32:33 Extracting from file://E:\CybeSystems.com\PortableApps\CygwinPortable\App\Runtime\Cygwin\packages/http%3a%2f%2fmirrors.kernel.org%2fsourceware%2fcygwin%2f/x86/release/gdbm/libgdbm4/libgdbm4-1.12-1.tar.xz
2016/11/13 04:32:33 Extracting from file://E:\CybeSystems.com\PortableApps\CygwinPortable\App\Runtime\Cygwin\packages/http%3a%2f%2fmirrors.kernel.org%2fsourceware%2fcygwin%2f/x86/release/gmp/libgmp10/libgmp10-6.1.1-1.tar.xz
2016/11/13 04:32:33 Extracting from file://E:\CybeSystems.com\PortableApps\CygwinPortable\App\Runtime\Cygwin\packages/http%3a%2f%2fmirrors.kernel.org%2fsourceware%2fcygwin%2f/x86/release/gnutls/libgnutls28/libgnutls28-3.3.17-1.tar.xz
2016/11/13 04:32:33 Extracting from file://E:\CybeSystems.com\PortableApps\CygwinPortable\App\Runtime\Cygwin\packages/http%3a%2f%2fmirrors.kernel.org%2fsourceware%2fcygwin%2f/x86/release/nettle/libhogweed2/libhogweed2-2.7.1-1.tar.xz
2016/11/13 04:32:33 Extracting from file://E:\CybeSystems.com\PortableApps\CygwinPortable\App\Runtime\Cygwin\packages/http%3a%2f%2fmirrors.kernel.org%2fsourceware%2fcygwin%2f/x86/release/libiconv/libiconv-1.14-3.tar.xz
2016/11/13 04:32:34 Extracting from file://E:\CybeSystems.com\PortableApps\CygwinPortable\App\Runtime\Cygwin\packages/http%3a%2f%2fmirrors.kernel.org%2fsourceware%2fcygwin%2f/x86/release/libiconv/libiconv2/libiconv2-1.14-3.tar.xz
2016/11/13 04:32:34 Extracting from file://E:\CybeSystems.com\PortableApps\CygwinPortable\App\Runtime\Cygwin\packages/http%3a%2f%2fmirrors.kernel.org%2fsourceware%2fcygwin%2f/x86/release/libidn/libidn11/libidn11-1.29-1.tar.xz
2016/11/13 04:32:34 Extracting from file://E:\CybeSystems.com\PortableApps\CygwinPortable\App\Runtime\Cygwin\packages/http%3a%2f%2fmirrors.kernel.org%2fsourceware%2fcygwin%2f/x86/release/libidn2/libidn2_0/libidn2_0-0.11-1.tar.xz
2016/11/13 04:32:34 Extracting from file://E:\CybeSystems.com\PortableApps\CygwinPortable\App\Runtime\Cygwin\packages/http%3a%2f%2fmirrors.kernel.org%2fsourceware%2fcygwin%2f/x86/release/gettext/libintl8/libintl8-0.19.8.1-2.tar.xz
2016/11/13 04:32:34 Extracting from file://E:\CybeSystems.com\PortableApps\CygwinPortable\App\Runtime\Cygwin\packages/http%3a%2f%2fmirrors.kernel.org%2fsourceware%2fcygwin%2f/x86/release/xz/liblzma5/liblzma5-5.2.2-1.tar.xz
2016/11/13 04:32:34 Extracting from file://E:\CybeSystems.com\PortableApps\CygwinPortable\App\Runtime\Cygwin\packages/http%3a%2f%2fmirrors.kernel.org%2fsourceware%2fcygwin%2f/x86/release/mpfr/libmpfr4/libmpfr4-3.1.5-1.tar.xz
2016/11/13 04:32:34 Extracting from file://E:\CybeSystems.com\PortableApps\CygwinPortable\App\Runtime\Cygwin\packages/http%3a%2f%2fmirrors.kernel.org%2fsourceware%2fcygwin%2f/x86/release/ncurses/libncursesw10/libncursesw10-6.0-8.20160917.tar.xz
2016/11/13 04:32:34 Extracting from file://E:\CybeSystems.com\PortableApps\CygwinPortable\App\Runtime\Cygwin\packages/http%3a%2f%2fmirrors.kernel.org%2fsourceware%2fcygwin%2f/x86/release/nettle/libnettle4/libnettle4-2.7.1-1.tar.xz
2016/11/13 04:32:34 Extracting from file://E:\CybeSystems.com\PortableApps\CygwinPortable\App\Runtime\Cygwin\packages/http%3a%2f%2fmirrors.kernel.org%2fsourceware%2fcygwin%2f/x86/release/openssl/libopenssl100/libopenssl100-1.0.2j-1.tar.xz
2016/11/13 04:32:34 Extracting from file://E:\CybeSystems.com\PortableApps\CygwinPortable\App\Runtime\Cygwin\packages/http%3a%2f%2fmirrors.kernel.org%2fsourceware%2fcygwin%2f/x86/release/p11-kit/libp11-kit0/libp11-kit0-0.22.1-1.tar.xz
2016/11/13 04:32:34 Extracting from file://E:\CybeSystems.com\PortableApps\CygwinPortable\App\Runtime\Cygwin\packages/http%3a%2f%2fmirrors.kernel.org%2fsourceware%2fcygwin%2f/x86/release/pcre/libpcre1/libpcre1-8.39-1.tar.xz
2016/11/13 04:32:34 Extracting from file://E:\CybeSystems.com\PortableApps\CygwinPortable\App\Runtime\Cygwin\packages/http%3a%2f%2fmirrors.kernel.org%2fsourceware%2fcygwin%2f/x86/release/libpipeline/libpipeline1/libpipeline1-1.4.0-1.tar.xz
2016/11/13 04:32:34 Extracting from file://E:\CybeSystems.com\PortableApps\CygwinPortable\App\Runtime\Cygwin\packages/http%3a%2f%2fmirrors.kernel.org%2fsourceware%2fcygwin%2f/x86/release/popt/libpopt-common/libpopt-common-1.16-2.tar.xz
2016/11/13 04:32:35 Extracting from file://E:\CybeSystems.com\PortableApps\CygwinPortable\App\Runtime\Cygwin\packages/http%3a%2f%2fmirrors.kernel.org%2fsourceware%2fcygwin%2f/x86/release/popt/libpopt0/libpopt0-1.16-2.tar.xz
2016/11/13 04:32:35 Extracting from file://E:\CybeSystems.com\PortableApps\CygwinPortable\App\Runtime\Cygwin\packages/http%3a%2f%2fmirrors.kernel.org%2fsourceware%2fcygwin%2f/x86/release/libpsl/libpsl5/libpsl5-0.14.0-2.tar.xz
2016/11/13 04:32:35 Extracting from file://E:\CybeSystems.com\PortableApps\CygwinPortable\App\Runtime\Cygwin\packages/http%3a%2f%2fmirrors.kernel.org%2fsourceware%2fcygwin%2f/x86/release/readline/libreadline7/libreadline7-6.3.8-1.tar.xz
2016/11/13 04:32:35 Extracting from file://E:\CybeSystems.com\PortableApps\CygwinPortable\App\Runtime\Cygwin\packages/http%3a%2f%2fmirrors.kernel.org%2fsourceware%2fcygwin%2f/x86/release/util-linux/libsmartcols1/libsmartcols1-2.25.2-2.tar.xz
2016/11/13 04:32:35 Extracting from file://E:\CybeSystems.com\PortableApps\CygwinPortable\App\Runtime\Cygwin\packages/http%3a%2f%2fmirrors.kernel.org%2fsourceware%2fcygwin%2f/x86/release/gcc/libssp0/libssp0-5.4.0-1.tar.xz
2016/11/13 04:32:35 Extracting from file://E:\CybeSystems.com\PortableApps\CygwinPortable\App\Runtime\Cygwin\packages/http%3a%2f%2fmirrors.kernel.org%2fsourceware%2fcygwin%2f/x86/release/gcc/libstdc++6/libstdc++6-5.4.0-1.tar.xz
2016/11/13 04:32:35 Extracting from file://E:\CybeSystems.com\PortableApps\CygwinPortable\App\Runtime\Cygwin\packages/http%3a%2f%2fmirrors.kernel.org%2fsourceware%2fcygwin%2f/x86/release/libtasn1/libtasn1_6/libtasn1_6-4.9-1.tar.xz
2016/11/13 04:32:35 Extracting from file://E:\CybeSystems.com\PortableApps\CygwinPortable\App\Runtime\Cygwin\packages/http%3a%2f%2fmirrors.kernel.org%2fsourceware%2fcygwin%2f/x86/release/libunistring/libunistring2/libunistring2-0.9.6-1.tar.xz
2016/11/13 04:32:35 Extracting from file://E:\CybeSystems.com\PortableApps\CygwinPortable\App\Runtime\Cygwin\packages/http%3a%2f%2fmirrors.kernel.org%2fsourceware%2fcygwin%2f/x86/release/util-linux/libuuid1/libuuid1-2.25.2-2.tar.xz
2016/11/13 04:32:35 Extracting from file://E:\CybeSystems.com\PortableApps\CygwinPortable\App\Runtime\Cygwin\packages/http%3a%2f%2fmirrors.kernel.org%2fsourceware%2fcygwin%2f/x86/release/login/login-1.11-1.tar.xz
2016/11/13 04:32:35 Extracting from file://E:\CybeSystems.com\PortableApps\CygwinPortable\App\Runtime\Cygwin\packages/http%3a%2f%2fmirrors.kernel.org%2fsourceware%2fcygwin%2f/x86/release/man-db/man-db-2.7.5-2.tar.xz
2016/11/13 04:32:36 Extracting from file://E:\CybeSystems.com\PortableApps\CygwinPortable\App\Runtime\Cygwin\packages/http%3a%2f%2fmirrors.kernel.org%2fsourceware%2fcygwin%2f/x86/release/mintty/mintty-2.7.0-0.tar.xz
2016/11/13 04:32:36 Extracting from file://E:\CybeSystems.com\PortableApps\CygwinPortable\App\Runtime\Cygwin\packages/http%3a%2f%2fmirrors.kernel.org%2fsourceware%2fcygwin%2f/x86/release/ncurses/ncurses-6.0-8.20160917.tar.xz
2016/11/13 04:32:37 Extracting from file://E:\CybeSystems.com\PortableApps\CygwinPortable\App\Runtime\Cygwin\packages/http%3a%2f%2fmirrors.kernel.org%2fsourceware%2fcygwin%2f/x86/release/openssl/openssl-1.0.2j-1.tar.xz
2016/11/13 04:32:37 Extracting from file://E:\CybeSystems.com\PortableApps\CygwinPortable\App\Runtime\Cygwin\packages/http%3a%2f%2fmirrors.kernel.org%2fsourceware%2fcygwin%2f/x86/release/p11-kit/p11-kit-0.22.1-1.tar.xz
2016/11/13 04:32:37 Extracting from file://E:\CybeSystems.com\PortableApps\CygwinPortable\App\Runtime\Cygwin\packages/http%3a%2f%2fmirrors.kernel.org%2fsourceware%2fcygwin%2f/x86/release/p11-kit/p11-kit-trust/p11-kit-trust-0.22.1-1.tar.xz
2016/11/13 04:32:37 Extracting from file://E:\CybeSystems.com\PortableApps\CygwinPortable\App\Runtime\Cygwin\packages/http%3a%2f%2fmirrors.kernel.org%2fsourceware%2fcygwin%2f/x86/release/rebase/rebase-4.4.2-1.tar.xz
2016/11/13 04:32:37 Extracting from file://E:\CybeSystems.com\PortableApps\CygwinPortable\App\Runtime\Cygwin\packages/http%3a%2f%2fmirrors.kernel.org%2fsourceware%2fcygwin%2f/x86/release/run/run-1.3.4-2.tar.xz
2016/11/13 04:32:37 Extracting from file://E:\CybeSystems.com\PortableApps\CygwinPortable\App\Runtime\Cygwin\packages/http%3a%2f%2fmirrors.kernel.org%2fsourceware%2fcygwin%2f/x86/release/sed/sed-4.2.2-3.tar.bz2
2016/11/13 04:32:38 Extracting from file://E:\CybeSystems.com\PortableApps\CygwinPortable\App\Runtime\Cygwin\packages/http%3a%2f%2fmirrors.kernel.org%2fsourceware%2fcygwin%2f/x86/release/tar/tar-1.28-1.tar.xz
2016/11/13 04:32:38 Extracting from file://E:\CybeSystems.com\PortableApps\CygwinPortable\App\Runtime\Cygwin\packages/http%3a%2f%2fmirrors.kernel.org%2fsourceware%2fcygwin%2f/x86/release/ncurses/terminfo/terminfo-6.0-8.20160917.tar.xz
2016/11/13 04:32:39 Extracting from file://E:\CybeSystems.com\PortableApps\CygwinPortable\App\Runtime\Cygwin\packages/http%3a%2f%2fmirrors.kernel.org%2fsourceware%2fcygwin%2f/noarch/release/tzdata/tzdata-2016i-1.tar.xz
2016/11/13 04:32:45 Extracting from file://E:\CybeSystems.com\PortableApps\CygwinPortable\App\Runtime\Cygwin\packages/http%3a%2f%2fmirrors.kernel.org%2fsourceware%2fcygwin%2f/x86/release/util-linux/util-linux-2.25.2-2.tar.xz
2016/11/13 04:32:47 Extracting from file://E:\CybeSystems.com\PortableApps\CygwinPortable\App\Runtime\Cygwin\packages/http%3a%2f%2fmirrors.kernel.org%2fsourceware%2fcygwin%2f/x86/release/vim/vim-7.4.2367-1.tar.xz
2016/11/13 04:32:47 Extracting from file://E:\CybeSystems.com\PortableApps\CygwinPortable\App\Runtime\Cygwin\packages/http%3a%2f%2fmirrors.kernel.org%2fsourceware%2fcygwin%2f/x86/release/vim/vim-common/vim-common-7.4.2367-1.tar.xz
2016/11/13 04:32:57 Extracting from file://E:\CybeSystems.com\PortableApps\CygwinPortable\App\Runtime\Cygwin\packages/http%3a%2f%2fmirrors.kernel.org%2fsourceware%2fcygwin%2f/x86/release/vim/vim-minimal/vim-minimal-7.4.2367-1.tar.xz
2016/11/13 04:32:58 Extracting from file://E:\CybeSystems.com\PortableApps\CygwinPortable\App\Runtime\Cygwin\packages/http%3a%2f%2fmirrors.kernel.org%2fsourceware%2fcygwin%2f/x86/release/wget/wget-1.18-1.tar.xz
2016/11/13 04:32:58 Extracting from file://E:\CybeSystems.com\PortableApps\CygwinPortable\App\Runtime\Cygwin\packages/http%3a%2f%2fmirrors.kernel.org%2fsourceware%2fcygwin%2f/x86/release/which/which-2.20-2.tar.bz2
2016/11/13 04:32:58 Extracting from file://E:\CybeSystems.com\PortableApps\CygwinPortable\App\Runtime\Cygwin\packages/http%3a%2f%2fmirrors.kernel.org%2fsourceware%2fcygwin%2f/x86/release/vim/xxd/xxd-7.4.2367-1.tar.xz
2016/11/13 04:32:58 Extracting from file://E:\CybeSystems.com\PortableApps\CygwinPortable\App\Runtime\Cygwin\packages/http%3a%2f%2fmirrors.kernel.org%2fsourceware%2fcygwin%2f/x86/release/xz/xz-5.2.2-1.tar.xz
2016/11/13 04:32:59 Extracting from file://E:\CybeSystems.com\PortableApps\CygwinPortable\App\Runtime\Cygwin\packages/http%3a%2f%2fmirrors.kernel.org%2fsourceware%2fcygwin%2f/x86/release/zlib/zlib0/zlib0-1.2.8-3.tar.xz
2016/11/13 04:32:59 Changing gid back to original
2016/11/13 04:32:59 running: E:\CybeSystems.com\PortableApps\CygwinPortable\App\Runtime\Cygwin\\bin\dash.exe "/etc/postinstall/0p_000_autorebase.dash"
2016/11/13 04:33:07 running: E:\CybeSystems.com\PortableApps\CygwinPortable\App\Runtime\Cygwin\\bin\dash.exe "/etc/postinstall/0p_update-info-dir.dash"
2016/11/13 04:33:09 running: E:\CybeSystems.com\PortableApps\CygwinPortable\App\Runtime\Cygwin\\bin\bash.exe --norc --noprofile "/etc/postinstall/000-cygwin-post-install.sh"
2016/11/13 04:33:09 running: E:\CybeSystems.com\PortableApps\CygwinPortable\App\Runtime\Cygwin\\bin\bash.exe --norc --noprofile "/etc/postinstall/coreutils.sh"
2016/11/13 04:33:09 running: E:\CybeSystems.com\PortableApps\CygwinPortable\App\Runtime\Cygwin\\bin\bash.exe --norc --noprofile "/etc/postinstall/bash.sh"
2016/11/13 04:33:09 running: E:\CybeSystems.com\PortableApps\CygwinPortable\App\Runtime\Cygwin\\bin\bash.exe --norc --noprofile "/etc/postinstall/base-files-mketc.sh"
2016/11/13 04:33:10 running: E:\CybeSystems.com\PortableApps\CygwinPortable\App\Runtime\Cygwin\\bin\bash.exe --norc --noprofile "/etc/postinstall/base-files-profile.sh"
2016/11/13 04:33:11 running: E:\CybeSystems.com\PortableApps\CygwinPortable\App\Runtime\Cygwin\\bin\bash.exe --norc --noprofile "/etc/postinstall/ca-certificates.sh"
2016/11/13 04:33:12 running: E:\CybeSystems.com\PortableApps\CygwinPortable\App\Runtime\Cygwin\\bin\bash.exe --norc --noprofile "/etc/postinstall/man-db.sh"
2016/11/13 04:33:12 running: E:\CybeSystems.com\PortableApps\CygwinPortable\App\Runtime\Cygwin\\bin\bash.exe --norc --noprofile "/etc/postinstall/mintty.sh"
2016/11/13 04:33:12 running: E:\CybeSystems.com\PortableApps\CygwinPortable\App\Runtime\Cygwin\\bin\bash.exe --norc --noprofile "/etc/postinstall/vim.sh"
2016/11/13 04:33:13 running: E:\CybeSystems.com\PortableApps\CygwinPortable\App\Runtime\Cygwin\\bin\bash.exe --norc --noprofile "/etc/postinstall/wget.sh"
2016/11/13 04:33:13 running: E:\CybeSystems.com\PortableApps\CygwinPortable\App\Runtime\Cygwin\\bin\bash.exe --norc --noprofile "/etc/postinstall/zp_man-db.sh"
2016/11/13 04:33:13 Changing gid to Administrators
2016/11/13 04:33:13 Ending cygwin install
